Command line:
   mux_RFSEUtoALU_isim_beh.exe
     -simmode  gui
     -simrunnum  0
     -socket  49667

Mon Apr 25 19:26:41 2016


 Elaboration Time: 0.0624 sec

 Current Memory Usage: 666.538 Meg

 Total Signals          : 4
 Total Nets             : 97
 Total Signal Drivers   : 1
 Total Blocks           : 2
 Total Primitive Blocks : 2
 Total Processes        : 1
 Total Traceable Variables  : 8
 Total Scalar Nets and Variables : 457
Total Line Count : 4

 Total Simulation Time: 0.109201 sec

 Current Memory Usage: 981.111 Meg

Mon Apr 25 19:27:44 2016

