Command line:
   Sumador_isim_beh.exe
     -simmode  gui
     -simrunnum  0
     -socket  49654

Mon Apr 25 19:25:46 2016


 Elaboration Time: 0.0624 sec

 Current Memory Usage: 666.632 Meg

 Total Signals          : 3
 Total Nets             : 96
 Total Signal Drivers   : 1
 Total Blocks           : 4
 Total Primitive Blocks : 4
 Total Processes        : 1
 Total Traceable Variables  : 10
 Total Scalar Nets and Variables : 474
Total Line Count : 1

 Total Simulation Time: 0.0936 sec

 Current Memory Usage: 981.205 Meg

Mon Apr 25 19:26:18 2016

