Command line:
   npc_isim_beh.exe
     -simmode  gui
     -simrunnum  1
     -socket  52374

Thu Apr 21 14:06:59 2016


 Elaboration Time: 0.0624 sec

 Current Memory Usage: 666.534 Meg

 Total Signals          : 4
 Total Nets             : 0
 Total Signal Drivers   : 0
 Total Blocks           : 2
 Total Primitive Blocks : 2
 Total Processes        : 0
 Total Traceable Variables  : 8
 Total Scalar Nets and Variables : 360
Total Line Count : 0

 Total Simulation Time: 0.0468 sec

 Current Memory Usage: 666.534 Meg

Thu Apr 21 14:07:03 2016

