Command line:
   Sumador3_isim_beh.exe
     -simmode  gui
     -simrunnum  0
     -socket  52460

Thu Apr 21 14:17:30 2016


 Elaboration Time: 0.0624 sec

 Current Memory Usage: 666.632 Meg

 Total Signals          : 3
 Total Nets             : 96
 Total Signal Drivers   : 1
 Total Blocks           : 4
 Total Primitive Blocks : 4
 Total Processes        : 1
 Total Traceable Variables  : 10
 Total Scalar Nets and Variables : 474
Total Line Count : 1

 Total Simulation Time: 0.0936 sec

 Current Memory Usage: 666.632 Meg

Thu Apr 21 17:31:31 2016

